{
  "RSpec": {
    "coverage": {
      "/Users/aditya/Work/twitchblade/lib/twitchblade.rb": [
        1,
        null,
        null,
        1,
        null,
        1,
        null,
        null,
        1,
        null,
        null,
        1,
        null,
        null,
        1,
        null,
        null,
        1
      ],
      "/Users/aditya/Work/twitchblade/lib/twitchblade/user.rb": [
        1,
        null,
        null,
        null,
        1,
        1,
        null,
        1,
        21,
        21,
        21,
        21,
        null,
        null,
        1,
        19,
        19,
        12,
        null,
        7,
        null,
        null,
        null,
        1,
        11,
        6,
        6,
        null,
        5,
        null,
        null,
        null,
        null,
        1,
        8,
        1,
        null,
        7,
        7,
        6,
        6,
        null,
        1,
        null,
        null,
        null,
        null,
        1,
        4,
        4,
        4,
        null,
        0,
        null,
        null,
        null,
        null,
        null
      ],
      "/Users/aditya/Work/twitchblade/lib/twitchblade/cli.rb": [
        1,
        null,
        1,
        null,
        1,
        0,
        null,
        null,
        1,
        0,
        0,
        0,
        0,
        0,
        0,
        0,
        0,
        0,
        null,
        null,
        null
      ],
      "/Users/aditya/Work/twitchblade/lib/twitchblade/application.rb": [
        1,
        null,
        1,
        null,
        1,
        1,
        0,
        0,
        null,
        null,
        1,
        0,
        0,
        0,
        0,
        0,
        0,
        null,
        null,
        null,
        null,
        null
      ],
      "/Users/aditya/Work/twitchblade/lib/twitchblade/dispatcher.rb": [
        1,
        null,
        1,
        1,
        8,
        8,
        null,
        null,
        1,
        8,
        2,
        2,
        2,
        2,
        2,
        2,
        1,
        null,
        1,
        null,
        2,
        6,
        5,
        5,
        5,
        5,
        5,
        5,
        4,
        4,
        4,
        8,
        8,
        8,
        8,
        8,
        8,
        8,
        8,
        8,
        8,
        8,
        8,
        8,
        1,
        1,
        1,
        1,
        1,
        1,
        null,
        1,
        1,
        1,
        null,
        1,
        1,
        1,
        1,
        1,
        null,
        4,
        4,
        4,
        null,
        1,
        null,
        null,
        null,
        1,
        null,
        1,
        1,
        1,
        1,
        1,
        1,
        0,
        0,
        null,
        0,
        null,
        null,
        null,
        null
      ],
      "/Users/aditya/Work/twitchblade/lib/twitchblade/tweet.rb": [
        1,
        null,
        1,
        1,
        5,
        5,
        null,
        null,
        1,
        8,
        null,
        null,
        1,
        8,
        8,
        8,
        8,
        null,
        null,
        1,
        2,
        2,
        null,
        null,
        null,
        null
      ],
      "/Users/aditya/Work/twitchblade/lib/twitchblade/timeline.rb": [
        1,
        null,
        null,
        null,
        1,
        1,
        7,
        null,
        null,
        1,
        4,
        4,
        4,
        4,
        2,
        null,
        2,
        null,
        null,
        null,
        1,
        null,
        3,
        3,
        null,
        0,
        0,
        0,
        0,
        0,
        null,
        null,
        null,
        null,
        null
      ],
      "/Users/aditya/Work/twitchblade/spec/twitchblade/timeline_spec.rb": [
        1,
        null,
        1,
        null,
        1,
        1,
        1,
        null,
        null,
        1,
        4,
        4,
        null,
        null,
        1,
        1,
        1,
        1,
        1,
        1,
        1,
        1,
        1,
        1,
        null,
        null,
        null,
        1,
        1,
        1,
        null,
        null,
        null,
        1,
        1,
        1,
        1,
        null,
        null,
        null,
        1,
        1,
        1,
        1,
        1,
        1,
        1,
        1,
        1,
        1,
        0,
        null,
        null,
        null
      ],
      "/Users/aditya/Work/twitchblade/spec/twitchblade/tweet_spec.rb": [
        1,
        1,
        null,
        1,
        null,
        1,
        1,
        null,
        null,
        1,
        1,
        1,
        1,
        1,
        null,
        null,
        1,
        1,
        1,
        1,
        1,
        1,
        1,
        null,
        null,
        null
      ],
      "/Users/aditya/Work/twitchblade/spec/twitchblade/user_spec.rb": [
        1,
        null,
        1,
        1,
        null,
        1,
        1,
        null,
        null,
        1,
        6,
        null,
        null,
        1,
        1,
        1,
        1,
        null,
        null,
        1,
        1,
        1,
        1,
        null,
        null,
        1,
        1,
        1,
        1,
        null,
        null,
        1,
        1,
        1,
        1,
        null,
        null,
        1,
        1,
        1,
        1,
        null,
        null,
        1,
        1,
        1,
        1,
        1,
        1,
        1,
        null,
        null,
        null,
        null,
        null,
        null
      ]
    },
    "timestamp": 1441867333
  }
}
